<?xml version="1.0" encoding="UTF-8"?>
<testng-results ignored="0" total="1" passed="1" failed="0" skipped="0">
  <reporter-output>
  </reporter-output>
  <suite started-at="2023-02-10T11:49:34 IST" name="Default suite" finished-at="2023-02-10T11:49:34 IST" duration-ms="70">
    <groups>
    </groups>
    <test started-at="2023-02-10T11:49:34 IST" name="Default test" finished-at="2023-02-10T11:49:34 IST" duration-ms="70">
      <class name="sample.SampleTest">
        <test-method signature="prabaTest()[pri:0, instance:sample.SampleTest@6193932a]" started-at="2023-02-10T11:49:34 IST" name="prabaTest" finished-at="2023-02-10T11:49:34 IST" duration-ms="14" status="PASS">
          <reporter-output>
          </reporter-output>
        </test-method> <!-- prabaTest -->
      </class> <!-- sample.SampleTest -->
    </test> <!-- Default test -->
  </suite> <!-- Default suite -->
</testng-results>
