<?xml version="1.0" encoding="UTF-8"?>
<testng-results ignored="0" total="2" passed="2" failed="0" skipped="0">
  <reporter-output>
  </reporter-output>
  <suite started-at="2023-02-08T20:00:33 IST" name="Default suite" finished-at="2023-02-08T20:00:33 IST" duration-ms="72">
    <groups>
    </groups>
    <test started-at="2023-02-08T20:00:33 IST" name="Default test" finished-at="2023-02-08T20:00:33 IST" duration-ms="72">
      <class name="demo.luckyTest">
        <test-method signature="luckyTest1()[pri:0, instance:demo.luckyTest@12b0404f]" started-at="2023-02-08T20:00:33 IST" name="luckyTest1" finished-at="2023-02-08T20:00:33 IST" duration-ms="12" status="PASS">
          <reporter-output>
          </reporter-output>
        </test-method> <!-- luckyTest1 -->
        <test-method signature="luckyTest2()[pri:0, instance:demo.luckyTest@12b0404f]" started-at="2023-02-08T20:00:33 IST" name="luckyTest2" finished-at="2023-02-08T20:00:33 IST" duration-ms="4" status="PASS">
          <reporter-output>
          </reporter-output>
        </test-method> <!-- luckyTest2 -->
      </class> <!-- demo.luckyTest -->
    </test> <!-- Default test -->
  </suite> <!-- Default suite -->
</testng-results>
